# JRE version: Java(TM) SE Runtime Environment (7.0_79-b15) (build 1.7.0_79-b15)
# Java VM: Java HotSpot(TM) 64-Bit Server VM (24.79-b02 mixed mode linux-amd64 compressed oops)
Heap
 PSYoungGen      total 36352K, used 29317K [0x00000000d7a00000, 0x00000000dc100000, 0x0000000100000000)
  eden space 31232K, 77% used [0x00000000d7a00000,0x00000000d91a9628,0x00000000d9880000)
  from space 5120K, 99% used [0x00000000d9880000,0x00000000d9d78080,0x00000000d9d80000)
  to   space 5120K, 0% used [0x00000000dbc00000,0x00000000dbc00000,0x00000000dc100000)
 ParOldGen       total 82432K, used 25737K [0x0000000086e00000, 0x000000008be80000, 0x00000000d7a00000)
  object space 82432K, 31% used [0x0000000086e00000,0x0000000088722428,0x000000008be80000)
 PSPermGen       total 21504K, used 18442K [0x0000000081c00000, 0x0000000083100000, 0x0000000086e00000)
  object space 21504K, 85% used [0x0000000081c00000,0x0000000082e028c0,0x0000000083100000)
GC Heap History (6 events):
Event: 1.631 GC heap before
{Heap before GC invocations=1 (full 0):
 PSYoungGen      total 36352K, used 31232K [0x00000000d7a00000, 0x00000000da280000, 0x0000000100000000)
  eden space 31232K, 100% used [0x00000000d7a00000,0x00000000d9880000,0x00000000d9880000)
  from space 5120K, 0% used [0x00000000d9d80000,0x00000000d9d80000,0x00000000da280000)
  to   space 5120K, 0% used [0x00000000d9880000,0x00000000d9880000,0x00000000d9d80000)
 ParOldGen       total 82432K, used 0K [0x0000000086e00000, 0x000000008be80000, 0x00000000d7a00000)
  object space 82432K, 0% used [0x0000000086e00000,0x0000000086e00000,0x000000008be80000)
 PSPermGen       total 21504K, used 16941K [0x0000000081c00000, 0x0000000083100000, 0x0000000086e00000)
  object space 21504K, 78% used [0x0000000081c00000,0x0000000082c8b498,0x0000000083100000)
Event: 1.646 GC heap after
Heap after GC invocations=1 (full 0):
 PSYoungGen      total 36352K, used 5096K [0x00000000d7a00000, 0x00000000da280000, 0x0000000100000000)
  eden space 31232K, 0% used [0x00000000d7a00000,0x00000000d7a00000,0x00000000d9880000)
  from space 5120K, 99% used [0x00000000d9880000,0x00000000d9d7a248,0x00000000d9d80000)
  to   space 5120K, 0% used [0x00000000d9d80000,0x00000000d9d80000,0x00000000da280000)
 ParOldGen       total 82432K, used 494K [0x0000000086e00000, 0x000000008be80000, 0x00000000d7a00000)
  object space 82432K, 0% used [0x0000000086e00000,0x0000000086e7ba90,0x000000008be80000)
 PSPermGen       total 21504K, used 16941K [0x0000000081c00000, 0x0000000083100000, 0x0000000086e00000)
  object space 21504K, 78% used [0x0000000081c00000,0x0000000082c8b498,0x0000000083100000)
}
Event: 2.236 GC heap before
{Heap before GC invocations=2 (full 0):
 PSYoungGen      total 36352K, used 36328K [0x00000000d7a00000, 0x00000000da280000, 0x0000000100000000)
  eden space 31232K, 100% used [0x00000000d7a00000,0x00000000d9880000,0x00000000d9880000)
  from space 5120K, 99% used [0x00000000d9880000,0x00000000d9d7a248,0x00000000d9d80000)
  to   space 5120K, 0% used [0x00000000d9d80000,0x00000000d9d80000,0x00000000da280000)
 ParOldGen       total 82432K, used 494K [0x0000000086e00000, 0x000000008be80000, 0x00000000d7a00000)
  object space 82432K, 0% used [0x0000000086e00000,0x0000000086e7ba90,0x000000008be80000)
 PSPermGen       total 21504K, used 17370K [0x0000000081c00000, 0x0000000083100000, 0x0000000086e00000)
  object space 21504K, 80% used [0x0000000081c00000,0x0000000082cf6b18,0x0000000083100000)
Event: 2.293 GC heap after
Heap after GC invocations=2 (full 0):
 PSYoungGen      total 36352K, used 5090K [0x00000000d7a00000, 0x00000000dc100000, 0x0000000100000000)
  eden space 31232K, 0% used [0x00000000d7a00000,0x00000000d7a00000,0x00000000d9880000)
  from space 5120K, 99% used [0x00000000d9d80000,0x00000000da278890,0x00000000da280000)
  to   space 5120K, 0% used [0x00000000d9880000,0x00000000d9880000,0x00000000d9d80000)
 ParOldGen       total 82432K, used 17953K [0x0000000086e00000, 0x000000008be80000, 0x00000000d7a00000)
  object space 82432K, 21% used [0x0000000086e00000,0x0000000087f885e8,0x000000008be80000)
 PSPermGen       total 21504K, used 17370K [0x0000000081c00000, 0x0000000083100000, 0x0000000086e00000)
  object space 21504K, 80% used [0x0000000081c00000,0x0000000082cf6b18,0x0000000083100000)
}
Event: 3.412 GC heap before
{Heap before GC invocations=3 (full 0):
 PSYoungGen      total 36352K, used 36322K [0x00000000d7a00000, 0x00000000dc100000, 0x0000000100000000)
  eden space 31232K, 100% used [0x00000000d7a00000,0x00000000d9880000,0x00000000d9880000)
  from space 5120K, 99% used [0x00000000d9d80000,0x00000000da278890,0x00000000da280000)
  to   space 5120K, 0% used [0x00000000d9880000,0x00000000d9880000,0x00000000d9d80000)
 ParOldGen       total 82432K, used 17953K [0x0000000086e00000, 0x000000008be80000, 0x00000000d7a00000)
  object space 82432K, 21% used [0x0000000086e00000,0x0000000087f885e8,0x000000008be80000)
 PSPermGen       total 21504K, used 17823K [0x0000000081c00000, 0x0000000083100000, 0x0000000086e00000)
  object space 21504K, 82% used [0x0000000081c00000,0x0000000082d67c80,0x0000000083100000)
Event: 3.425 GC heap after
Heap after GC invocations=3 (full 0):
 PSYoungGen      total 36352K, used 5088K [0x00000000d7a00000, 0x00000000dc100000, 0x0000000100000000)
  eden space 31232K, 0% used [0x00000000d7a00000,0x00000000d7a00000,0x00000000d9880000)
  from space 5120K, 99% used [0x00000000d9880000,0x00000000d9d78080,0x00000000d9d80000)
  to   space 5120K, 0% used [0x00000000dbc00000,0x00000000dbc00000,0x00000000dc100000)
 ParOldGen       total 82432K, used 25737K [0x0000000086e00000, 0x000000008be80000, 0x00000000d7a00000)
  object space 82432K, 31% used [0x0000000086e00000,0x0000000088722428,0x000000008be80000)
 PSPermGen       total 21504K, used 17823K [0x0000000081c00000, 0x0000000083100000, 0x0000000086e00000)
  object space 21504K, 82% used [0x0000000081c00000,0x0000000082d67c80,0x0000000083100000)
}

