# JRE version: Java(TM) SE Runtime Environment (7.0_79-b15) (build 1.7.0_79-b15)
# Java VM: Java HotSpot(TM) 64-Bit Server VM (24.79-b02 mixed mode linux-amd64 compressed oops)
Heap
 PSYoungGen      total 67584K, used 44516K [0x00000000d7a00000, 0x00000000dc100000, 0x0000000100000000)
  eden space 62464K, 71% used [0x00000000d7a00000,0x00000000da579100,0x00000000db700000)
  from space 5120K, 0% used [0x00000000dbc00000,0x00000000dbc00000,0x00000000dc100000)
  to   space 5120K, 0% used [0x00000000db700000,0x00000000db700000,0x00000000dbc00000)
 ParOldGen       total 82432K, used 25587K [0x0000000086e00000, 0x000000008be80000, 0x00000000d7a00000)
  object space 82432K, 31% used [0x0000000086e00000,0x00000000886fcc70,0x000000008be80000)
 PSPermGen       total 41472K, used 19318K [0x0000000081c00000, 0x0000000084480000, 0x0000000086e00000)
  object space 41472K, 46% used [0x0000000081c00000,0x0000000082edda48,0x0000000084480000)
GC Heap History (10 events):
Event: 7.174 GC heap before
{Heap before GC invocations=5 (full 1):
 PSYoungGen      total 67584K, used 5106K [0x00000000d7a00000, 0x00000000dc100000, 0x0000000100000000)
  eden space 62464K, 0% used [0x00000000d7a00000,0x00000000d7a00000,0x00000000db700000)
  from space 5120K, 99% used [0x00000000dbc00000,0x00000000dc0fc870,0x00000000dc100000)
  to   space 5120K, 0% used [0x00000000db700000,0x00000000db700000,0x00000000dbc00000)
 ParOldGen       total 82432K, used 37553K [0x0000000086e00000, 0x000000008be80000, 0x00000000d7a00000)
  object space 82432K, 45% used [0x0000000086e00000,0x00000000892ac5f0,0x000000008be80000)
 PSPermGen       total 21504K, used 18674K [0x0000000081c00000, 0x0000000083100000, 0x0000000086e00000)
  object space 21504K, 86% used [0x0000000081c00000,0x0000000082e3cb80,0x0000000083100000)
Event: 7.302 GC heap after
Heap after GC invocations=5 (full 1):
 PSYoungGen      total 67584K, used 0K [0x00000000d7a00000, 0x00000000dc100000, 0x0000000100000000)
  eden space 62464K, 0% used [0x00000000d7a00000,0x00000000d7a00000,0x00000000db700000)
  from space 5120K, 0% used [0x00000000dbc00000,0x00000000dbc00000,0x00000000dc100000)
  to   space 5120K, 0% used [0x00000000db700000,0x00000000db700000,0x00000000dbc00000)
 ParOldGen       total 82432K, used 28356K [0x0000000086e00000, 0x000000008be80000, 0x00000000d7a00000)
  object space 82432K, 34% used [0x0000000086e00000,0x00000000889b1170,0x000000008be80000)
 PSPermGen       total 37376K, used 18668K [0x0000000081c00000, 0x0000000084080000, 0x0000000086e00000)
  object space 37376K, 49% used [0x0000000081c00000,0x0000000082e3b380,0x0000000084080000)
}
Event: 11.261 GC heap before
{Heap before GC invocations=6 (full 1):
 PSYoungGen      total 67584K, used 18326K [0x00000000d7a00000, 0x00000000dc100000, 0x0000000100000000)
  eden space 62464K, 29% used [0x00000000d7a00000,0x00000000d8be5b78,0x00000000db700000)
  from space 5120K, 0% used [0x00000000dbc00000,0x00000000dbc00000,0x00000000dc100000)
  to   space 5120K, 0% used [0x00000000db700000,0x00000000db700000,0x00000000dbc00000)
 ParOldGen       total 82432K, used 28356K [0x0000000086e00000, 0x000000008be80000, 0x00000000d7a00000)
  object space 82432K, 34% used [0x0000000086e00000,0x00000000889b1170,0x000000008be80000)
 PSPermGen       total 37376K, used 18879K [0x0000000081c00000, 0x0000000084080000, 0x0000000086e00000)
  object space 37376K, 50% used [0x0000000081c00000,0x0000000082e6fe80,0x0000000084080000)
Event: 11.270 GC heap after
Heap after GC invocations=6 (full 1):
 PSYoungGen      total 67584K, used 5115K [0x00000000d7a00000, 0x00000000dc100000, 0x0000000100000000)
  eden space 62464K, 0% used [0x00000000d7a00000,0x00000000d7a00000,0x00000000db700000)
  from space 5120K, 99% used [0x00000000db700000,0x00000000dbbfee38,0x00000000dbc00000)
  to   space 5120K, 0% used [0x00000000dbc00000,0x00000000dbc00000,0x00000000dc100000)
 ParOldGen       total 82432K, used 32420K [0x0000000086e00000, 0x000000008be80000, 0x00000000d7a00000)
  object space 82432K, 39% used [0x0000000086e00000,0x0000000088da93c8,0x000000008be80000)
 PSPermGen       total 37376K, used 18879K [0x0000000081c00000, 0x0000000084080000, 0x0000000086e00000)
  object space 37376K, 50% used [0x0000000081c00000,0x0000000082e6fe80,0x0000000084080000)
}
Event: 11.270 GC heap before
{Heap before GC invocations=7 (full 2):
 PSYoungGen      total 67584K, used 5115K [0x00000000d7a00000, 0x00000000dc100000, 0x0000000100000000)
  eden space 62464K, 0% used [0x00000000d7a00000,0x00000000d7a00000,0x00000000db700000)
  from space 5120K, 99% used [0x00000000db700000,0x00000000dbbfee38,0x00000000dbc00000)
  to   space 5120K, 0% used [0x00000000dbc00000,0x00000000dbc00000,0x00000000dc100000)
 ParOldGen       total 82432K, used 32420K [0x0000000086e00000, 0x000000008be80000, 0x00000000d7a00000)
  object space 82432K, 39% used [0x0000000086e00000,0x0000000088da93c8,0x000000008be80000)
 PSPermGen       total 37376K, used 18879K [0x0000000081c00000, 0x0000000084080000, 0x0000000086e00000)
  object space 37376K, 50% used [0x0000000081c00000,0x0000000082e6fe80,0x0000000084080000)
Event: 11.359 GC heap after
Heap after GC invocations=7 (full 2):
 PSYoungGen      total 67584K, used 0K [0x00000000d7a00000, 0x00000000dc100000, 0x0000000100000000)
  eden space 62464K, 0% used [0x00000000d7a00000,0x00000000d7a00000,0x00000000db700000)
  from space 5120K, 0% used [0x00000000db700000,0x00000000db700000,0x00000000dbc00000)
  to   space 5120K, 0% used [0x00000000dbc00000,0x00000000dbc00000,0x00000000dc100000)
 ParOldGen       total 82432K, used 25421K [0x0000000086e00000, 0x000000008be80000, 0x00000000d7a00000)
  object space 82432K, 30% used [0x0000000086e00000,0x00000000886d37e8,0x000000008be80000)
 PSPermGen       total 42496K, used 18879K [0x0000000081c00000, 0x0000000084580000, 0x0000000086e00000)
  object space 42496K, 44% used [0x0000000081c00000,0x0000000082e6fce0,0x0000000084580000)
}
Event: 30.749 GC heap before
{Heap before GC invocations=8 (full 2):
 PSYoungGen      total 67584K, used 5732K [0x00000000d7a00000, 0x00000000dc100000, 0x0000000100000000)
  eden space 62464K, 9% used [0x00000000d7a00000,0x00000000d7f99220,0x00000000db700000)
  from space 5120K, 0% used [0x00000000db700000,0x00000000db700000,0x00000000dbc00000)
  to   space 5120K, 0% used [0x00000000dbc00000,0x00000000dbc00000,0x00000000dc100000)
 ParOldGen       total 82432K, used 25421K [0x0000000086e00000, 0x000000008be80000, 0x00000000d7a00000)
  object space 82432K, 30% used [0x0000000086e00000,0x00000000886d37e8,0x000000008be80000)
 PSPermGen       total 42496K, used 19211K [0x0000000081c00000, 0x0000000084580000, 0x0000000086e00000)
  object space 42496K, 45% used [0x0000000081c00000,0x0000000082ec2fe8,0x0000000084580000)
Event: 30.751 GC heap after
Heap after GC invocations=8 (full 2):
 PSYoungGen      total 67584K, used 288K [0x00000000d7a00000, 0x00000000dc100000, 0x0000000100000000)
  eden space 62464K, 0% used [0x00000000d7a00000,0x00000000d7a00000,0x00000000db700000)
  from space 5120K, 5% used [0x00000000dbc00000,0x00000000dbc48000,0x00000000dc100000)
  to   space 5120K, 0% used [0x00000000db700000,0x00000000db700000,0x00000000dbc00000)
 ParOldGen       total 82432K, used 25429K [0x0000000086e00000, 0x000000008be80000, 0x00000000d7a00000)
  object space 82432K, 30% used [0x0000000086e00000,0x00000000886d57e8,0x000000008be80000)
 PSPermGen       total 42496K, used 19211K [0x0000000081c00000, 0x0000000084580000, 0x0000000086e00000)
  object space 42496K, 45% used [0x0000000081c00000,0x0000000082ec2fe8,0x0000000084580000)
}
Event: 30.751 GC heap before
{Heap before GC invocations=9 (full 3):
 PSYoungGen      total 67584K, used 288K [0x00000000d7a00000, 0x00000000dc100000, 0x0000000100000000)
  eden space 62464K, 0% used [0x00000000d7a00000,0x00000000d7a00000,0x00000000db700000)
  from space 5120K, 5% used [0x00000000dbc00000,0x00000000dbc48000,0x00000000dc100000)
  to   space 5120K, 0% used [0x00000000db700000,0x00000000db700000,0x00000000dbc00000)
 ParOldGen       total 82432K, used 25429K [0x0000000086e00000, 0x000000008be80000, 0x00000000d7a00000)
  object space 82432K, 30% used [0x0000000086e00000,0x00000000886d57e8,0x000000008be80000)
 PSPermGen       total 42496K, used 19211K [0x0000000081c00000, 0x0000000084580000, 0x0000000086e00000)
  object space 42496K, 45% used [0x0000000081c00000,0x0000000082ec2fe8,0x0000000084580000)
Event: 30.882 GC heap after
Heap after GC invocations=9 (full 3):
 PSYoungGen      total 67584K, used 0K [0x00000000d7a00000, 0x00000000dc100000, 0x0000000100000000)
  eden space 62464K, 0% used [0x00000000d7a00000,0x00000000d7a00000,0x00000000db700000)
  from space 5120K, 0% used [0x00000000dbc00000,0x00000000dbc00000,0x00000000dc100000)
  to   space 5120K, 0% used [0x00000000db700000,0x00000000db700000,0x00000000dbc00000)
 ParOldGen       total 82432K, used 25587K [0x0000000086e00000, 0x000000008be80000, 0x00000000d7a00000)
  object space 82432K, 31% used [0x0000000086e00000,0x00000000886fcc70,0x000000008be80000)
 PSPermGen       total 41472K, used 19211K [0x0000000081c00000, 0x0000000084480000, 0x0000000086e00000)
  object space 41472K, 46% used [0x0000000081c00000,0x0000000082ec2f10,0x0000000084480000)
}

